<?xml version="1.0" encoding="UTF-8"?>
<!-- Generated by org.testng.reporters.JUnitReportReporter -->
<testsuite hostname="LAPTOP-DK7KINI4" failures="0" tests="3" name="KeywordPractice.EnabledKeywordPractice" time="0.010" errors="0" timestamp="2022-09-25T21:01:18 IST" skipped="1">
  <testcase classname="KeywordPractice.EnabledKeywordPractice" name="HomePageTest" time="0.007"/>
  <system-out/>
  <testcase classname="KeywordPractice.EnabledKeywordPractice" name="SettingPageTest" time="0.003"/>
  <system-out/>
  <testcase classname="KeywordPractice.EnabledKeywordPractice" name="NotificationPageTest">
    <skipped/>
  </testcase> <!-- NotificationPageTest -->
  <system-out/>
</testsuite> <!-- KeywordPractice.EnabledKeywordPractice -->
