<?xml version="1.0" encoding="UTF-8"?>
<!-- Generated by org.testng.reporters.JUnitReportReporter -->
<testsuite hostname="LAPTOP-DK7KINI4" failures="0" tests="6" name="KeywordPractice.TimeoutKeywordPractice" time="3.043" errors="0" timestamp="2022-09-25T21:18:48 IST" skipped="0">
  <testcase classname="KeywordPractice.TimeoutKeywordPractice" name="HomePageTest" time="3.029"/>
  <system-out/>
  <testcase classname="KeywordPractice.TimeoutKeywordPractice" name="NotificationPageTest" time="0.003"/>
  <system-out/>
  <testcase classname="KeywordPractice.TimeoutKeywordPractice" name="NotificationPageTest" time="0.001"/>
  <system-out/>
  <testcase classname="KeywordPractice.TimeoutKeywordPractice" name="NotificationPageTest" time="0.005"/>
  <system-out/>
  <testcase classname="KeywordPractice.TimeoutKeywordPractice" name="NotificationPageTest" time="0.002"/>
  <system-out/>
  <testcase classname="KeywordPractice.TimeoutKeywordPractice" name="NotificationPageTest" time="0.003"/>
  <system-out/>
</testsuite> <!-- KeywordPractice.TimeoutKeywordPractice -->
