<?xml version="1.0" encoding="UTF-8"?>
<!-- Generated by org.testng.reporters.JUnitReportReporter -->
<testsuite hostname="LAPTOP-DK7KINI4" failures="0" tests="3" name="SuitAnnotationPractice.TestCase1" time="0.005" errors="0" timestamp="2022-09-26T19:28:01 IST" skipped="0">
  <testcase classname="SuitAnnotationPractice.TestCase1" name="m1" time="0.003"/>
  <system-out/>
  <testcase classname="SuitAnnotationPractice.TestCase1" name="m2" time="0.001"/>
  <system-out/>
  <testcase classname="SuitAnnotationPractice.TestCase1" name="m3" time="0.001"/>
  <system-out/>
</testsuite> <!-- SuitAnnotationPractice.TestCase1 -->
