<?xml version="1.0" encoding="UTF-8"?>
<!-- Generated by org.testng.reporters.JUnitReportReporter -->
<testsuite hostname="LAPTOP-DK7KINI4" failures="0" tests="3" name="GroupingPractice.TestCase3" time="0.001" errors="0" timestamp="2022-09-26T20:22:08 IST" skipped="0">
  <testcase classname="GroupingPractice.TestCase3" name="Test8" time="0.000"/>
  <system-out/>
  <testcase classname="GroupingPractice.TestCase3" name="Test9" time="0.000"/>
  <system-out/>
  <testcase classname="GroupingPractice.TestCase3" name="Test7" time="0.001"/>
  <system-out/>
</testsuite> <!-- GroupingPractice.TestCase3 -->
