<?xml version="1.0" encoding="UTF-8"?>
<!-- Generated by org.testng.reporters.JUnitReportReporter -->
<testsuite hostname="LAPTOP-DK7KINI4" failures="0" tests="3" name="TestAnnotationPractice.TestCase2" time="0.004" errors="0" timestamp="2022-09-23T19:54:55 IST" skipped="0">
  <testcase classname="TestAnnotationPractice.TestCase2" name="m4" time="0.003"/>
  <system-out/>
  <testcase classname="TestAnnotationPractice.TestCase2" name="m6" time="0.000"/>
  <system-out/>
  <testcase classname="TestAnnotationPractice.TestCase2" name="m5" time="0.001"/>
  <system-out/>
</testsuite> <!-- TestAnnotationPractice.TestCase2 -->
