<?xml version="1.0" encoding="UTF-8"?>
<!-- Generated by org.testng.reporters.JUnitReportReporter -->
<testsuite hostname="LAPTOP-DK7KINI4" failures="0" tests="6" name="KeywordPractice.InvocationCountPractice" time="0.017" errors="0" timestamp="2022-09-25T20:54:33 IST" skipped="0">
  <testcase classname="KeywordPractice.InvocationCountPractice" name="HomePageTest" time="0.007"/>
  <system-out/>
  <testcase classname="KeywordPractice.InvocationCountPractice" name="NotificationPageTest" time="0.002"/>
  <system-out/>
  <testcase classname="KeywordPractice.InvocationCountPractice" name="NotificationPageTest" time="0.003"/>
  <system-out/>
  <testcase classname="KeywordPractice.InvocationCountPractice" name="NotificationPageTest" time="0.002"/>
  <system-out/>
  <testcase classname="KeywordPractice.InvocationCountPractice" name="NotificationPageTest" time="0.002"/>
  <system-out/>
  <testcase classname="KeywordPractice.InvocationCountPractice" name="NotificationPageTest" time="0.001"/>
  <system-out/>
</testsuite> <!-- KeywordPractice.InvocationCountPractice -->
