<?xml version="1.0" encoding="UTF-8"?>
<!-- Generated by org.testng.reporters.JUnitReportReporter -->
<testsuite hostname="LAPTOP-DK7KINI4" failures="0" tests="3" name="GroupingPractice.TestCase2" time="0.000" errors="0" timestamp="2022-09-26T20:22:08 IST" skipped="0">
  <testcase classname="GroupingPractice.TestCase2" name="Test5" time="0.000"/>
  <system-out/>
  <testcase classname="GroupingPractice.TestCase2" name="Test4" time="0.000"/>
  <system-out/>
  <testcase classname="GroupingPractice.TestCase2" name="Test6" time="0.000"/>
  <system-out/>
</testsuite> <!-- GroupingPractice.TestCase2 -->
