<?xml version="1.0" encoding="UTF-8"?>
<!-- Generated by org.testng.reporters.JUnitReportReporter -->
<testsuite hostname="LAPTOP-DK7KINI4" failures="0" tests="3" name="Basics.BeforeMethodAfterMethodPractice" time="0.019" errors="0" timestamp="2022-09-22T18:49:59 IST" skipped="0">
  <testcase classname="Basics.BeforeMethodAfterMethodPractice" name="profilepage" time="0.008"/>
  <system-out>
    <![CDATA[Checking the profilepage]]>
  </system-out>
  <testcase classname="Basics.BeforeMethodAfterMethodPractice" name="notificationpage" time="0.009"/>
  <system-out>
    <![CDATA[Checking the notificationpage]]>
  </system-out>
  <testcase classname="Basics.BeforeMethodAfterMethodPractice" name="homepage" time="0.002"/>
  <system-out>
    <![CDATA[Checking the homepage]]>
  </system-out>
</testsuite> <!-- Basics.BeforeMethodAfterMethodPractice -->
