<?xml version="1.0" encoding="UTF-8"?>
<!-- Generated by org.testng.reporters.JUnitReportReporter -->
<testsuite hostname="LAPTOP-DK7KINI4" failures="0" tests="3" name="Basics.ClassAnnotatiosPractice" time="0.013" errors="0" timestamp="2022-09-22T18:54:10 IST" skipped="0">
  <testcase classname="Basics.ClassAnnotatiosPractice" name="profilepage" time="0.010"/>
  <system-out>
    <![CDATA[Checking the profilepage]]>
  </system-out>
  <testcase classname="Basics.ClassAnnotatiosPractice" name="notificationpage" time="0.002"/>
  <system-out>
    <![CDATA[Checking the notificationpage]]>
  </system-out>
  <testcase classname="Basics.ClassAnnotatiosPractice" name="homepage" time="0.001"/>
  <system-out>
    <![CDATA[Checking the homepage]]>
  </system-out>
</testsuite> <!-- Basics.ClassAnnotatiosPractice -->
